<?xml version="1.0" encoding="utf-8"?><testsuites name="pytest tests"><testsuite name="pytest" errors="0" failures="0" skipped="0" tests="6" time="1.606" timestamp="2026-07-02T16:04:41.190045+00:00" hostname="agent-env-88169bcd-e12f-49be-8cf0-dde15c14abf8"><testcase classname="tests.test_portfolio_api.TestHealth" name="test_root_ok" time="0.368" /><testcase classname="tests.test_portfolio_api.TestContact" name="test_submit_valid" time="0.547" /><testcase classname="tests.test_portfolio_api.TestContact" name="test_submit_missing_fields" time="0.056" /><testcase classname="tests.test_portfolio_api.TestContact" name="test_submit_invalid_email" time="0.075" /><testcase classname="tests.test_portfolio_api.TestContact" name="test_submit_empty_strings" time="0.069" /><testcase classname="tests.test_portfolio_api.TestContact" name="test_list_contains_recent" time="0.338" /></testsuite></testsuites>