<?xml version="1.0" encoding="utf-8"?><testsuites name="pytest tests"><testsuite name="pytest" errors="0" failures="0" skipped="0" tests="21" time="3.186" timestamp="2026-07-02T18:57:53.904056+00:00" hostname="agent-env-88169bcd-e12f-49be-8cf0-dde15c14abf8"><testcase classname="tests.test_portfolio_api.TestContact" name="test_submit_valid" time="0.755" /><testcase classname="tests.test_admin_api.TestAdminVerify" name="test_verify_valid" time="0.538" /><testcase classname="tests.test_admin_api.TestAdminVerify" name="test_verify_invalid_token" time="0.063" /><testcase classname="tests.test_admin_api.TestAdminVerify" name="test_verify_no_token" time="0.059" /><testcase classname="tests.test_admin_api.TestAdminMessages" name="test_list_requires_auth" time="0.053" /><testcase classname="tests.test_portfolio_api.TestContact" name="test_submit_missing_fields" time="0.050" /><testcase classname="tests.test_portfolio_api.TestContact" name="test_submit_invalid_email" time="0.054" /><testcase classname="tests.test_portfolio_api.TestContact" name="test_submit_empty_strings" time="0.050" /><testcase classname="tests.test_portfolio_api.TestContact" name="test_list_contains_recent" time="0.265" /><testcase classname="tests.test_admin_api.TestAdminMessages" name="test_list_with_auth" time="0.256" /><testcase classname="tests.test_admin_api.TestAdminMessages" name="test_stats" time="0.048" /><testcase classname="tests.test_admin_api.TestReadToggle" name="test_mark_read_persists" time="0.098" /><testcase classname="tests.test_admin_api.TestReadToggle" name="test_mark_unread" time="0.057" /><testcase classname="tests.test_admin_api.TestReadToggle" name="test_mark_unknown_returns_404" time="0.053" /><testcase classname="tests.test_admin_api.TestPublicRegression" name="test_root" time="0.333" /><testcase classname="tests.test_admin_api.TestAdminLogin" name="test_login_success" time="0.273" /><testcase classname="tests.test_admin_api.TestAdminLogin" name="test_login_wrong_password" time="0.272" /><testcase classname="tests.test_admin_api.TestPublicRegression" name="test_contact_submit" time="0.438" /><testcase classname="tests.test_portfolio_api.TestHealth" name="test_root_ok" time="0.121" /><testcase classname="tests.test_admin_api.TestDelete" name="test_delete_and_gone" time="0.646" /><testcase classname="tests.test_admin_api.TestDelete" name="test_delete_unknown_404" time="0.061" /></testsuite></testsuites>